{
"contracts/Raffle.sol":{"l":{"53":3,"54":3,"55":3,"56":3,"57":3,"58":3,"59":3,"60":3,"64":5,"65":1,"67":4,"68":1,"70":3,"71":3,"85":1,"86":1,"87":1,"88":1,"89":1,"95":1,"96":1,"97":0,"103":1,"104":1,"111":1,"119":0,"120":0,"121":0,"122":0,"123":0,"124":0,"125":0,"126":0,"127":0,"129":0,"133":5,"137":1,"141":0,"145":5,"149":0,"153":0,"157":6,"161":0},"path":"/Users/admin/hardhat-freeCodeCamp/hardhat-smartcontract-lottery-fcc/contracts/Raffle.sol","s":{"1":3,"2":3,"3":3,"4":3,"5":3,"6":3,"7":3,"8":3,"9":5,"10":4,"11":3,"12":3,"13":1,"14":1,"15":1,"16":1,"17":1,"18":1,"19":1,"20":1,"21":1,"22":1,"23":0,"24":0,"25":0,"26":0,"27":0,"28":0,"29":0,"30":0,"31":0,"32":5,"33":1,"34":0,"35":5,"36":0,"37":0,"38":6,"39":0},"b":{"1":[1,4],"2":[1,3],"3":[0,1],"4":[0,0]},"f":{"1":3,"2":5,"3":1,"4":1,"5":0,"6":5,"7":1,"8":0,"9":5,"10":0,"11":0,"12":6,"13":0},"fnMap":{"1":{"name":"constructor","line":52,"loc":{"start":{"line":45,"column":4},"end":{"line":61,"column":4}}},"2":{"name":"enterRaffle","line":63,"loc":{"start":{"line":63,"column":4},"end":{"line":72,"column":4}}},"3":{"name":"checkUpkeep","line":74,"loc":{"start":{"line":74,"column":4},"end":{"line":90,"column":4}}},"4":{"name":"performUpkeep","line":92,"loc":{"start":{"line":92,"column":4},"end":{"line":112,"column":4}}},"5":{"name":"fulfillRandomWords","line":114,"loc":{"start":{"line":114,"column":4},"end":{"line":130,"column":4}}},"6":{"name":"getEntranceFee","line":132,"loc":{"start":{"line":132,"column":4},"end":{"line":134,"column":4}}},"7":{"name":"getPlayer","line":136,"loc":{"start":{"line":136,"column":4},"end":{"line":138,"column":4}}},"8":{"name":"getRecentWinner","line":140,"loc":{"start":{"line":140,"column":4},"end":{"line":142,"column":4}}},"9":{"name":"getRaffleState","line":144,"loc":{"start":{"line":144,"column":4},"end":{"line":146,"column":4}}},"10":{"name":"getNumWords","line":148,"loc":{"start":{"line":148,"column":4},"end":{"line":150,"column":4}}},"11":{"name":"getLastTimeStamp","line":152,"loc":{"start":{"line":152,"column":4},"end":{"line":154,"column":4}}},"12":{"name":"getInterval","line":156,"loc":{"start":{"line":156,"column":4},"end":{"line":158,"column":4}}},"13":{"name":"getNumberOfPlayers","line":160,"loc":{"start":{"line":160,"column":4},"end":{"line":162,"column":4}}}},"statementMap":{"1":{"start":{"line":53,"column":8},"end":{"line":53,"column":34}},"2":{"start":{"line":54,"column":8},"end":{"line":54,"column":44}},"3":{"start":{"line":55,"column":8},"end":{"line":55,"column":26}},"4":{"start":{"line":56,"column":8},"end":{"line":56,"column":40}},"5":{"start":{"line":57,"column":8},"end":{"line":57,"column":69}},"6":{"start":{"line":58,"column":8},"end":{"line":58,"column":39}},"7":{"start":{"line":59,"column":8},"end":{"line":59,"column":28}},"8":{"start":{"line":60,"column":8},"end":{"line":60,"column":40}},"9":{"start":{"line":64,"column":8},"end":{"line":64,"column":2238}},"10":{"start":{"line":67,"column":8},"end":{"line":67,"column":2339}},"11":{"start":{"line":70,"column":8},"end":{"line":70,"column":42}},"12":{"start":{"line":71,"column":8},"end":{"line":71,"column":36}},"13":{"start":{"line":85,"column":8},"end":{"line":85,"column":55}},"14":{"start":{"line":86,"column":8},"end":{"line":86,"column":46}},"15":{"start":{"line":87,"column":8},"end":{"line":87,"column":76}},"16":{"start":{"line":88,"column":8},"end":{"line":88,"column":51}},"17":{"start":{"line":89,"column":8},"end":{"line":89,"column":72}},"18":{"start":{"line":95,"column":8},"end":{"line":95,"column":47}},"19":{"start":{"line":96,"column":8},"end":{"line":96,"column":3210}},"20":{"start":{"line":103,"column":8},"end":{"line":103,"column":46}},"21":{"start":{"line":104,"column":8},"end":{"line":104,"column":3470}},"22":{"start":{"line":111,"column":8},"end":{"line":111,"column":43}},"23":{"start":{"line":119,"column":8},"end":{"line":119,"column":65}},"24":{"start":{"line":120,"column":8},"end":{"line":120,"column":63}},"25":{"start":{"line":121,"column":8},"end":{"line":121,"column":36}},"26":{"start":{"line":122,"column":8},"end":{"line":122,"column":43}},"27":{"start":{"line":123,"column":8},"end":{"line":123,"column":40}},"28":{"start":{"line":124,"column":8},"end":{"line":124,"column":39}},"29":{"start":{"line":125,"column":8},"end":{"line":125,"column":78}},"30":{"start":{"line":126,"column":8},"end":{"line":126,"column":4256}},"31":{"start":{"line":129,"column":8},"end":{"line":129,"column":39}},"32":{"start":{"line":133,"column":8},"end":{"line":133,"column":28}},"33":{"start":{"line":137,"column":8},"end":{"line":137,"column":31}},"34":{"start":{"line":141,"column":8},"end":{"line":141,"column":29}},"35":{"start":{"line":145,"column":8},"end":{"line":145,"column":28}},"36":{"start":{"line":149,"column":8},"end":{"line":149,"column":24}},"37":{"start":{"line":153,"column":8},"end":{"line":153,"column":30}},"38":{"start":{"line":157,"column":8},"end":{"line":157,"column":25}},"39":{"start":{"line":161,"column":8},"end":{"line":161,"column":31}}},"branchMap":{"1":{"line":64,"type":"if","locations":[{"start":{"line":64,"column":8},"end":{"line":64,"column":8}},{"start":{"line":64,"column":8},"end":{"line":64,"column":8}}]},"2":{"line":67,"type":"if","locations":[{"start":{"line":67,"column":8},"end":{"line":67,"column":8}},{"start":{"line":67,"column":8},"end":{"line":67,"column":8}}]},"3":{"line":96,"type":"if","locations":[{"start":{"line":96,"column":8},"end":{"line":96,"column":8}},{"start":{"line":96,"column":8},"end":{"line":96,"column":8}}]},"4":{"line":126,"type":"if","locations":[{"start":{"line":126,"column":8},"end":{"line":126,"column":8}},{"start":{"line":126,"column":8},"end":{"line":126,"column":8}}]}}},
"contracts/test/VRFCoordinatorV2Mock.sol":{"l":{},"path":"/Users/admin/hardhat-freeCodeCamp/hardhat-smartcontract-lottery-fcc/contracts/test/VRFCoordinatorV2Mock.sol","s":{},"b":{},"f":{},"fnMap":{},"statementMap":{},"branchMap":{}}}
