TN:
SF:/Users/admin/hardhat-freeCodeCamp/hardhat-smartcontract-lottery-fcc/contracts/Raffle.sol
FN:52,constructor
FN:63,enterRaffle
FN:74,checkUpkeep
FN:92,performUpkeep
FN:114,fulfillRandomWords
FN:132,getEntranceFee
FN:136,getPlayer
FN:140,getRecentWinner
FN:144,getRaffleState
FN:148,getNumWords
FN:152,getLastTimeStamp
FN:156,getInterval
FN:160,getNumberOfPlayers
FNF:13
FNH:8
FNDA:3,constructor
FNDA:5,enterRaffle
FNDA:1,checkUpkeep
FNDA:1,performUpkeep
FNDA:0,fulfillRandomWords
FNDA:5,getEntranceFee
FNDA:1,getPlayer
FNDA:0,getRecentWinner
FNDA:5,getRaffleState
FNDA:0,getNumWords
FNDA:0,getLastTimeStamp
FNDA:6,getInterval
FNDA:0,getNumberOfPlayers
DA:53,3
DA:54,3
DA:55,3
DA:56,3
DA:57,3
DA:58,3
DA:59,3
DA:60,3
DA:64,5
DA:65,1
DA:67,4
DA:68,1
DA:70,3
DA:71,3
DA:85,1
DA:86,1
DA:87,1
DA:88,1
DA:89,1
DA:95,1
DA:96,1
DA:97,0
DA:103,1
DA:104,1
DA:111,1
DA:119,0
DA:120,0
DA:121,0
DA:122,0
DA:123,0
DA:124,0
DA:125,0
DA:126,0
DA:127,0
DA:129,0
DA:133,5
DA:137,1
DA:141,0
DA:145,5
DA:149,0
DA:153,0
DA:157,6
DA:161,0
LF:43
LH:28
BRDA:64,1,0,1
BRDA:64,1,1,4
BRDA:67,2,0,1
BRDA:67,2,1,3
BRDA:96,3,0,0
BRDA:96,3,1,1
BRDA:126,4,0,0
BRDA:126,4,1,0
BRF:8
BRH:5
end_of_record
TN:
SF:/Users/admin/hardhat-freeCodeCamp/hardhat-smartcontract-lottery-fcc/contracts/test/VRFCoordinatorV2Mock.sol
FNF:0
FNH:0
LF:0
LH:0
BRF:0
BRH:0
end_of_record
